<?xml version="1.0" encoding="UTF-8"?>
<testsuite name="com.exampleA.ServiceA.ServiceAApplicationTests" tests="1" skipped="0" failures="0" errors="0" timestamp="2025-03-23T12:22:00.657Z" hostname="QL" time="0.448">
  <properties/>
  <testcase name="contextLoads()" classname="com.exampleA.ServiceA.ServiceAApplicationTests" time="0.448"/>
  <system-out><![CDATA[20:21:59.310 [Test worker] INFO org.springframework.test.context.support.AnnotationConfigContextLoaderUtils -- Could not detect default configuration classes for test class [com.exampleA.ServiceA.ServiceAApplicationTests]: ServiceAApplicationTests does not declare any static, non-private, non-final, nested classes annotated with @Configuration.
20:21:59.398 [Test worker] INFO org.springframework.boot.test.context.SpringBootTestContextBootstrapper -- Found @SpringBootConfiguration com.exampleA.ServiceA.ServiceAApplication for test class com.exampleA.ServiceA.ServiceAApplicationTests

  .   ____          _            __ _ _
 /\\ / ___'_ __ _ _(_)_ __  __ _ \ \ \ \
( ( )\___ | '_ | '_| | '_ \/ _` | \ \ \ \
 \\/  ___)| |_)| | | | | || (_| |  ) ) ) )
  '  |____| .__|_| |_|_| |_\__, | / / / /
 =========|_|==============|___/=/_/_/_/

 :: Spring Boot ::                (v3.4.3)

2025-03-23T20:21:59.678+08:00  INFO 12732 --- [ServiceA] [    Test worker] c.e.ServiceA.ServiceAApplicationTests    : Starting ServiceAApplicationTests using Java 17.0.12 with PID 12732 (started by Li Qiang in D:\Spring boot\ServiceA\servicesA)
2025-03-23T20:21:59.679+08:00  INFO 12732 --- [ServiceA] [    Test worker] c.e.ServiceA.ServiceAApplicationTests    : No active profile set, falling back to 1 default profile: "default"
2025-03-23T20:22:00.633+08:00  INFO 12732 --- [ServiceA] [    Test worker] c.e.ServiceA.ServiceAApplicationTests    : Started ServiceAApplicationTests in 1.124 seconds (process running for 1.949)
]]></system-out>
  <system-err><![CDATA[]]></system-err>
</testsuite>
