<?xml version="1.0" encoding="UTF-8"?>
<testsuite name="com.exampleA.ServiceA.ServiceAApplicationTests" tests="1" skipped="0" failures="0" errors="0" timestamp="2025-03-25T09:26:18.152Z" hostname="QL" time="0.434">
  <properties/>
  <testcase name="contextLoads()" classname="com.exampleA.ServiceA.ServiceAApplicationTests" time="0.434"/>
  <system-out><![CDATA[17:26:16.867 [Test worker] INFO org.springframework.test.context.support.AnnotationConfigContextLoaderUtils -- Could not detect default configuration classes for test class [com.exampleA.ServiceA.ServiceAApplicationTests]: ServiceAApplicationTests does not declare any static, non-private, non-final, nested classes annotated with @Configuration.
17:26:16.947 [Test worker] INFO org.springframework.boot.test.context.SpringBootTestContextBootstrapper -- Found @SpringBootConfiguration com.exampleA.ServiceA.ServiceAApplication for test class com.exampleA.ServiceA.ServiceAApplicationTests

  .   ____          _            __ _ _
 /\\ / ___'_ __ _ _(_)_ __  __ _ \ \ \ \
( ( )\___ | '_ | '_| | '_ \/ _` | \ \ \ \
 \\/  ___)| |_)| | | | | || (_| |  ) ) ) )
  '  |____| .__|_| |_|_| |_\__, | / / / /
 =========|_|==============|___/=/_/_/_/

 :: Spring Boot ::                (v3.4.3)

2025-03-25T17:26:17.233+08:00  INFO 23772 --- [ServiceA] [    Test worker] c.e.ServiceA.ServiceAApplicationTests    : Starting ServiceAApplicationTests using Java 17.0.12 with PID 23772 (started by Li Qiang in D:\Spring boot\ServiceA\servicesA)
2025-03-25T17:26:17.235+08:00  INFO 23772 --- [ServiceA] [    Test worker] c.e.ServiceA.ServiceAApplicationTests    : No active profile set, falling back to 1 default profile: "default"
2025-03-25T17:26:18.124+08:00  INFO 23772 --- [ServiceA] [    Test worker] c.e.ServiceA.ServiceAApplicationTests    : Started ServiceAApplicationTests in 1.065 seconds (process running for 1.881)
]]></system-out>
  <system-err><![CDATA[]]></system-err>
</testsuite>
