<?xml version="1.0" encoding="UTF-8"?>
<testsuite name="com.exampleA.ServiceA.ServiceAApplicationTests" tests="1" skipped="0" failures="0" errors="0" timestamp="2025-03-23T13:58:38.800Z" hostname="QL" time="0.441">
  <properties/>
  <testcase name="contextLoads()" classname="com.exampleA.ServiceA.ServiceAApplicationTests" time="0.441"/>
  <system-out><![CDATA[21:58:37.502 [Test worker] INFO org.springframework.test.context.support.AnnotationConfigContextLoaderUtils -- Could not detect default configuration classes for test class [com.exampleA.ServiceA.ServiceAApplicationTests]: ServiceAApplicationTests does not declare any static, non-private, non-final, nested classes annotated with @Configuration.
21:58:37.588 [Test worker] INFO org.springframework.boot.test.context.SpringBootTestContextBootstrapper -- Found @SpringBootConfiguration com.exampleA.ServiceA.ServiceAApplication for test class com.exampleA.ServiceA.ServiceAApplicationTests

  .   ____          _            __ _ _
 /\\ / ___'_ __ _ _(_)_ __  __ _ \ \ \ \
( ( )\___ | '_ | '_| | '_ \/ _` | \ \ \ \
 \\/  ___)| |_)| | | | | || (_| |  ) ) ) )
  '  |____| .__|_| |_|_| |_\__, | / / / /
 =========|_|==============|___/=/_/_/_/

 :: Spring Boot ::                (v3.4.3)

2025-03-23T21:58:37.873+08:00  INFO 19180 --- [ServiceA] [    Test worker] c.e.ServiceA.ServiceAApplicationTests    : Starting ServiceAApplicationTests using Java 17.0.12 with PID 19180 (started by Li Qiang in D:\Spring boot\ServiceA\servicesA)
2025-03-23T21:58:37.874+08:00  INFO 19180 --- [ServiceA] [    Test worker] c.e.ServiceA.ServiceAApplicationTests    : No active profile set, falling back to 1 default profile: "default"
2025-03-23T21:58:38.784+08:00  INFO 19180 --- [ServiceA] [    Test worker] c.e.ServiceA.ServiceAApplicationTests    : Started ServiceAApplicationTests in 1.087 seconds (process running for 1.906)
]]></system-out>
  <system-err><![CDATA[]]></system-err>
</testsuite>
