<?xml version="1.0" encoding="UTF-8"?>
<testsuite name="com.exampleA.ServiceA.ServiceAApplicationTests" tests="1" skipped="0" failures="0" errors="0" timestamp="2025-03-25T05:49:13.163Z" hostname="QL" time="0.512">
  <properties/>
  <testcase name="contextLoads()" classname="com.exampleA.ServiceA.ServiceAApplicationTests" time="0.512"/>
  <system-out><![CDATA[13:49:11.794 [Test worker] INFO org.springframework.test.context.support.AnnotationConfigContextLoaderUtils -- Could not detect default configuration classes for test class [com.exampleA.ServiceA.ServiceAApplicationTests]: ServiceAApplicationTests does not declare any static, non-private, non-final, nested classes annotated with @Configuration.
13:49:11.881 [Test worker] INFO org.springframework.boot.test.context.SpringBootTestContextBootstrapper -- Found @SpringBootConfiguration com.exampleA.ServiceA.ServiceAApplication for test class com.exampleA.ServiceA.ServiceAApplicationTests

  .   ____          _            __ _ _
 /\\ / ___'_ __ _ _(_)_ __  __ _ \ \ \ \
( ( )\___ | '_ | '_| | '_ \/ _` | \ \ \ \
 \\/  ___)| |_)| | | | | || (_| |  ) ) ) )
  '  |____| .__|_| |_|_| |_\__, | / / / /
 =========|_|==============|___/=/_/_/_/

 :: Spring Boot ::                (v3.4.3)

2025-03-25T13:49:12.234+08:00  INFO 40092 --- [ServiceA] [    Test worker] c.e.ServiceA.ServiceAApplicationTests    : Starting ServiceAApplicationTests using Java 17.0.12 with PID 40092 (started by Li Qiang in D:\Spring boot\ServiceA\servicesA)
2025-03-25T13:49:12.235+08:00  INFO 40092 --- [ServiceA] [    Test worker] c.e.ServiceA.ServiceAApplicationTests    : No active profile set, falling back to 1 default profile: "default"
2025-03-25T13:49:13.136+08:00  INFO 40092 --- [ServiceA] [    Test worker] c.e.ServiceA.ServiceAApplicationTests    : Started ServiceAApplicationTests in 1.118 seconds (process running for 2.057)
]]></system-out>
  <system-err><![CDATA[]]></system-err>
</testsuite>
